Descriptors.obj : error LNK2019: unresolved external symbol "__declspec(dllimport) public: __cdecl SbVec3f::SbVec3f(void)" (__imp_??0SbVec3f@@QEAA@XZ) referenced in function "public: float __cdecl Descriptors::findAngleBetweenAdjVerts(struct Vertex *,int)" (?findAngleBetweenAdjVerts@Descriptors@@QEAAMPEAUVertex@@H@Z)
main.obj : error LNK2001: unresolved external symbol "__declspec(dllimport) public: __cdecl SbVec3f::SbVec3f(void)" (__imp_??0SbVec3f@@QEAA@XZ)
Mesh.obj : error LNK2001: unresolved external symbol "__declspec(dllimport) public: __cdecl SbVec3f::SbVec3f(void)" (__imp_??0SbVec3f@@QEAA@XZ)
Descriptors.obj : error LNK2019: unresolved external symbol "__declspec(dllimport) public: float __cdecl SbVec3f::dot(class SbVec3f const &)const " (__imp_?dot@SbVec3f@@QEBAMAEBV1@@Z) referenced in function "public: float __cdecl Descriptors::findAngleBetweenAdjVerts(struct Vertex *,int)" (?findAngleBetweenAdjVerts@Descriptors@@QEAAMPEAUVertex@@H@Z)
Descriptors.obj : error LNK2019: unresolved external symbol "__declspec(dllimport) public: class SbVec3f & __cdecl SbVec3f::setValue(float,float,float)" (__imp_?setValue@SbVec3f@@QEAAAEAV1@MMM@Z) referenced in function "public: float __cdecl Descriptors::findAngleBetweenAdjVerts(struct Vertex *,int)" (?findAngleBetweenAdjVerts@Descriptors@@QEAAMPEAUVertex@@H@Z)
main.obj : error LNK2019: unresolved external symbol "__declspec(dllimport) public: __cdecl SbVec2s::SbVec2s(short,short)" (__imp_??0SbVec2s@@QEAA@FF@Z) referenced in function main
main.obj : error LNK2019: unresolved external symbol "__declspec(dllimport) public: static struct HWND__ * __cdecl SoWin::init(char const *,char const *)" (__imp_?init@SoWin@@SAPEAUHWND__@@PEBD0@Z) referenced in function main
main.obj : error LNK2019: unresolved external symbol "__declspec(dllimport) public: static void __cdecl SoWin::mainLoop(void)" (__imp_?mainLoop@SoWin@@SAXXZ) referenced in function main
main.obj : error LNK2019: unresolved external symbol "__declspec(dllimport) public: static void __cdecl SoWin::show(struct HWND__ * const)" (__imp_?show@SoWin@@SAXQEAUHWND__@@@Z) referenced in function main
main.obj : error LNK2019: unresolved external symbol "__declspec(dllimport) public: void __cdecl SoBase::ref(void)const " (__imp_?ref@SoBase@@QEBAXXZ) referenced in function main
main.obj : error LNK2019: unresolved external symbol "__declspec(dllimport) public: void __cdecl SoBase::unref(void)const " (__imp_?unref@SoBase@@QEBAXXZ) referenced in function main
main.obj : error LNK2019: unresolved external symbol "__declspec(dllimport) public: void __cdecl SoWinComponent::setSize(class SbVec2s)" (__imp_?setSize@SoWinComponent@@QEAAXVSbVec2s@@@Z) referenced in function main
main.obj : error LNK2019: unresolved external symbol "__declspec(dllimport) public: __cdecl SoWinExaminerViewer::SoWinExaminerViewer(struct HWND__ *,char const *,int,enum SoWinFullViewer::BuildFlag,enum SoWinViewer::Type)" (__imp_??0SoWinExaminerViewer@@QEAA@PEAUHWND__@@PEBDHW4BuildFlag@SoWinFullViewer@@W4Type@SoWinViewer@@@Z) referenced in function main
main.obj : error LNK2019: unresolved external symbol "__declspec(dllimport) public: virtual __cdecl SoWinExaminerViewer::~SoWinExaminerViewer(void)" (__imp_??1SoWinExaminerViewer@@UEAA@XZ) referenced in function "public: virtual void * __cdecl SoWinExaminerViewer::`scalar deleting destructor'(unsigned int)" (??_GSoWinExaminerViewer@@UEAAPEAXI@Z)
main.obj : error LNK2019: unresolved external symbol "__declspec(dllimport) public: __cdecl SoSeparator::SoSeparator(void)" (__imp_??0SoSeparator@@QEAA@XZ) referenced in function main
Painter.obj : error LNK2001: unresolved external symbol "__declspec(dllimport) public: __cdecl SoSeparator::SoSeparator(void)" (__imp_??0SoSeparator@@QEAA@XZ)
main.obj : error LNK2019: unresolved external symbol "__declspec(dllimport) protected: virtual __cdecl SoSeparator::~SoSeparator(void)" (__imp_??1SoSeparator@@MEAA@XZ) referenced in function "protected: virtual void * __cdecl SoSeparator::`scalar deleting destructor'(unsigned int)" (??_GSoSeparator@@MEAAPEAXI@Z)
Painter.obj : error LNK2001: unresolved external symbol "__declspec(dllimport) protected: virtual __cdecl SoSeparator::~SoSeparator(void)" (__imp_??1SoSeparator@@MEAA@XZ)
main.obj : error LNK2001: unresolved external symbol "public: virtual class SoType __cdecl SoWinExaminerViewer::getTypeId(void)const " (?getTypeId@SoWinExaminerViewer@@UEBA?AVSoType@@XZ)
main.obj : error LNK2001: unresolved external symbol "public: virtual void __cdecl SoWinExaminerViewer::setViewing(int)" (?setViewing@SoWinExaminerViewer@@UEAAXH@Z)
main.obj : error LNK2001: unresolved external symbol "public: virtual void __cdecl SoWinExaminerViewer::setCamera(class SoCamera *)" (?setCamera@SoWinExaminerViewer@@UEAAXPEAVSoCamera@@@Z)
main.obj : error LNK2001: unresolved external symbol "public: virtual void __cdecl SoWinExaminerViewer::setCursorEnabled(int)" (?setCursorEnabled@SoWinExaminerViewer@@UEAAXH@Z)
main.obj : error LNK2001: unresolved external symbol "protected: virtual void __cdecl SoWinExaminerViewer::leftWheelMotion(float)" (?leftWheelMotion@SoWinExaminerViewer@@MEAAXM@Z)
main.obj : error LNK2001: unresolved external symbol "protected: virtual void __cdecl SoWinExaminerViewer::bottomWheelMotion(float)" (?bottomWheelMotion@SoWinExaminerViewer@@MEAAXM@Z)
main.obj : error LNK2001: unresolved external symbol "protected: virtual void __cdecl SoWinExaminerViewer::rightWheelMotion(float)" (?rightWheelMotion@SoWinExaminerViewer@@MEAAXM@Z)
main.obj : error LNK2001: unresolved external symbol "protected: virtual void __cdecl SoWinExaminerViewer::createViewerButtons(struct HWND__ *,class SbPList *)" (?createViewerButtons@SoWinExaminerViewer@@MEAAXPEAUHWND__@@PEAVSbPList@@@Z)
main.obj : error LNK2001: unresolved external symbol "protected: virtual char const * __cdecl SoWinExaminerViewer::getDefaultWidgetName(void)const " (?getDefaultWidgetName@SoWinExaminerViewer@@MEBAPEBDXZ)
main.obj : error LNK2001: unresolved external symbol "protected: virtual char const * __cdecl SoWinExaminerViewer::getDefaultTitle(void)const " (?getDefaultTitle@SoWinExaminerViewer@@MEBAPEBDXZ)
main.obj : error LNK2001: unresolved external symbol "protected: virtual char const * __cdecl SoWinExaminerViewer::getDefaultIconTitle(void)const " (?getDefaultIconTitle@SoWinExaminerViewer@@MEBAPEBDXZ)
main.obj : error LNK2001: unresolved external symbol "protected: virtual int __cdecl SoWinExaminerViewer::processSoEvent(class SoEvent const * const)" (?processSoEvent@SoWinExaminerViewer@@MEAAHQEBVSoEvent@@@Z)
main.obj : error LNK2001: unresolved external symbol "protected: virtual void __cdecl SoWinExaminerViewer::setSeekMode(int)" (?setSeekMode@SoWinExaminerViewer@@MEAAXH@Z)
main.obj : error LNK2001: unresolved external symbol "protected: virtual void __cdecl SoWinExaminerViewer::actualRedraw(void)" (?actualRedraw@SoWinExaminerViewer@@MEAAXXZ)
main.obj : error LNK2001: unresolved external symbol "protected: virtual void __cdecl SoWinExaminerViewer::afterRealizeHook(void)" (?afterRealizeHook@SoWinExaminerViewer@@MEAAXXZ)
main.obj : error LNK2001: unresolved external symbol "public: virtual class SbName __cdecl SoBase::getName(void)const " (?getName@SoBase@@UEBA?AVSbName@@XZ)
Painter.obj : error LNK2001: unresolved external symbol "public: virtual class SbName __cdecl SoBase::getName(void)const " (?getName@SoBase@@UEBA?AVSbName@@XZ)
main.obj : error LNK2001: unresolved external symbol "public: virtual void __cdecl SoBase::setName(class SbName const &)" (?setName@SoBase@@UEAAXAEBVSbName@@@Z)
Painter.obj : error LNK2001: unresolved external symbol "public: virtual void __cdecl SoBase::setName(class SbName const &)" (?setName@SoBase@@UEAAXAEBVSbName@@@Z)
main.obj : error LNK2001: unresolved external symbol "protected: virtual void __cdecl SoBase::destroy(void)" (?destroy@SoBase@@MEAAXXZ)
Painter.obj : error LNK2001: unresolved external symbol "protected: virtual void __cdecl SoBase::destroy(void)" (?destroy@SoBase@@MEAAXXZ)
main.obj : error LNK2001: unresolved external symbol "protected: virtual char const * __cdecl SoBase::getFileFormatName(void)const " (?getFileFormatName@SoBase@@MEBAPEBDXZ)
Painter.obj : error LNK2001: unresolved external symbol "protected: virtual char const * __cdecl SoBase::getFileFormatName(void)const " (?getFileFormatName@SoBase@@MEBAPEBDXZ)
main.obj : error LNK2001: unresolved external symbol "public: virtual void __cdecl SoWinComponent::show(void)" (?show@SoWinComponent@@UEAAXXZ)
main.obj : error LNK2001: unresolved external symbol "public: virtual void __cdecl SoWinComponent::hide(void)" (?hide@SoWinComponent@@UEAAXXZ)
main.obj : error LNK2001: unresolved external symbol "public: virtual class SoType __cdecl SoSeparator::getTypeId(void)const " (?getTypeId@SoSeparator@@UEBA?AVSoType@@XZ)
Painter.obj : error LNK2001: unresolved external symbol "public: virtual class SoType __cdecl SoSeparator::getTypeId(void)const " (?getTypeId@SoSeparator@@UEBA?AVSoType@@XZ)
main.obj : error LNK2001: unresolved external symbol "protected: virtual class SoFieldData const * __cdecl SoSeparator::getFieldData(void)const " (?getFieldData@SoSeparator@@MEBAPEBVSoFieldData@@XZ)
Painter.obj : error LNK2001: unresolved external symbol "protected: virtual class SoFieldData const * __cdecl SoSeparator::getFieldData(void)const " (?getFieldData@SoSeparator@@MEBAPEBVSoFieldData@@XZ)
main.obj : error LNK2001: unresolved external symbol "public: virtual void __cdecl SoSeparator::doAction(class SoAction *)" (?doAction@SoSeparator@@UEAAXPEAVSoAction@@@Z)
Painter.obj : error LNK2001: unresolved external symbol "public: virtual void __cdecl SoSeparator::doAction(class SoAction *)" (?doAction@SoSeparator@@UEAAXPEAVSoAction@@@Z)
main.obj : error LNK2001: unresolved external symbol "public: virtual void __cdecl SoSeparator::GLRender(class SoGLRenderAction *)" (?GLRender@SoSeparator@@UEAAXPEAVSoGLRenderAction@@@Z)
Painter.obj : error LNK2001: unresolved external symbol "public: virtual void __cdecl SoSeparator::GLRender(class SoGLRenderAction *)" (?GLRender@SoSeparator@@UEAAXPEAVSoGLRenderAction@@@Z)
main.obj : error LNK2001: unresolved external symbol "public: virtual void __cdecl SoSeparator::GLRenderBelowPath(class SoGLRenderAction *)" (?GLRenderBelowPath@SoSeparator@@UEAAXPEAVSoGLRenderAction@@@Z)
Painter.obj : error LNK2001: unresolved external symbol "public: virtual void __cdecl SoSeparator::GLRenderBelowPath(class SoGLRenderAction *)" (?GLRenderBelowPath@SoSeparator@@UEAAXPEAVSoGLRenderAction@@@Z)
main.obj : error LNK2001: unresolved external symbol "public: virtual void __cdecl SoSeparator::GLRenderInPath(class SoGLRenderAction *)" (?GLRenderInPath@SoSeparator@@UEAAXPEAVSoGLRenderAction@@@Z)
Painter.obj : error LNK2001: unresolved external symbol "public: virtual void __cdecl SoSeparator::GLRenderInPath(class SoGLRenderAction *)" (?GLRenderInPath@SoSeparator@@UEAAXPEAVSoGLRenderAction@@@Z)
main.obj : error LNK2001: unresolved external symbol "public: virtual void __cdecl SoSeparator::GLRenderOffPath(class SoGLRenderAction *)" (?GLRenderOffPath@SoSeparator@@UEAAXPEAVSoGLRenderAction@@@Z)
Painter.obj : error LNK2001: unresolved external symbol "public: virtual void __cdecl SoSeparator::GLRenderOffPath(class SoGLRenderAction *)" (?GLRenderOffPath@SoSeparator@@UEAAXPEAVSoGLRenderAction@@@Z)
main.obj : error LNK2001: unresolved external symbol "public: virtual void __cdecl SoSeparator::callback(class SoCallbackAction *)" (?callback@SoSeparator@@UEAAXPEAVSoCallbackAction@@@Z)
Painter.obj : error LNK2001: unresolved external symbol "public: virtual void __cdecl SoSeparator::callback(class SoCallbackAction *)" (?callback@SoSeparator@@UEAAXPEAVSoCallbackAction@@@Z)
main.obj : error LNK2001: unresolved external symbol "public: virtual void __cdecl SoSeparator::getBoundingBox(class SoGetBoundingBoxAction *)" (?getBoundingBox@SoSeparator@@UEAAXPEAVSoGetBoundingBoxAction@@@Z)
Painter.obj : error LNK2001: unresolved external symbol "public: virtual void __cdecl SoSeparator::getBoundingBox(class SoGetBoundingBoxAction *)" (?getBoundingBox@SoSeparator@@UEAAXPEAVSoGetBoundingBoxAction@@@Z)
main.obj : error LNK2001: unresolved external symbol "public: virtual void __cdecl SoSeparator::getMatrix(class SoGetMatrixAction *)" (?getMatrix@SoSeparator@@UEAAXPEAVSoGetMatrixAction@@@Z)
Painter.obj : error LNK2001: unresolved external symbol "public: virtual void __cdecl SoSeparator::getMatrix(class SoGetMatrixAction *)" (?getMatrix@SoSeparator@@UEAAXPEAVSoGetMatrixAction@@@Z)
main.obj : error LNK2001: unresolved external symbol "public: virtual void __cdecl SoSeparator::handleEvent(class SoHandleEventAction *)" (?handleEvent@SoSeparator@@UEAAXPEAVSoHandleEventAction@@@Z)
Painter.obj : error LNK2001: unresolved external symbol "public: virtual void __cdecl SoSeparator::handleEvent(class SoHandleEventAction *)" (?handleEvent@SoSeparator@@UEAAXPEAVSoHandleEventAction@@@Z)
main.obj : error LNK2001: unresolved external symbol "public: virtual void __cdecl SoSeparator::rayPick(class SoRayPickAction *)" (?rayPick@SoSeparator@@UEAAXPEAVSoRayPickAction@@@Z)
Painter.obj : error LNK2001: unresolved external symbol "public: virtual void __cdecl SoSeparator::rayPick(class SoRayPickAction *)" (?rayPick@SoSeparator@@UEAAXPEAVSoRayPickAction@@@Z)
main.obj : error LNK2001: unresolved external symbol "public: virtual void __cdecl SoSeparator::search(class SoSearchAction *)" (?search@SoSeparator@@UEAAXPEAVSoSearchAction@@@Z)
Painter.obj : error LNK2001: unresolved external symbol "public: virtual void __cdecl SoSeparator::search(class SoSearchAction *)" (?search@SoSeparator@@UEAAXPEAVSoSearchAction@@@Z)
main.obj : error LNK2001: unresolved external symbol "public: virtual void __cdecl SoSeparator::getPrimitiveCount(class SoGetPrimitiveCountAction *)" (?getPrimitiveCount@SoSeparator@@UEAAXPEAVSoGetPrimitiveCountAction@@@Z)
Painter.obj : error LNK2001: unresolved external symbol "public: virtual void __cdecl SoSeparator::getPrimitiveCount(class SoGetPrimitiveCountAction *)" (?getPrimitiveCount@SoSeparator@@UEAAXPEAVSoGetPrimitiveCountAction@@@Z)
main.obj : error LNK2001: unresolved external symbol "public: virtual void __cdecl SoSeparator::audioRender(class SoAudioRenderAction *)" (?audioRender@SoSeparator@@UEAAXPEAVSoAudioRenderAction@@@Z)
Painter.obj : error LNK2001: unresolved external symbol "public: virtual void __cdecl SoSeparator::audioRender(class SoAudioRenderAction *)" (?audioRender@SoSeparator@@UEAAXPEAVSoAudioRenderAction@@@Z)
main.obj : error LNK2001: unresolved external symbol "public: virtual void __cdecl SoSeparator::notify(class SoNotList *)" (?notify@SoSeparator@@UEAAXPEAVSoNotList@@@Z)
Painter.obj : error LNK2001: unresolved external symbol "public: virtual void __cdecl SoSeparator::notify(class SoNotList *)" (?notify@SoSeparator@@UEAAXPEAVSoNotList@@@Z)
main.obj : error LNK2001: unresolved external symbol "public: virtual int __cdecl SoSeparator::affectsState(void)const " (?affectsState@SoSeparator@@UEBAHXZ)
Painter.obj : error LNK2001: unresolved external symbol "public: virtual int __cdecl SoSeparator::affectsState(void)const " (?affectsState@SoSeparator@@UEBAHXZ)
main.obj : error LNK2001: unresolved external symbol "protected: virtual int __cdecl SoSeparator::cullTest(class SoGLRenderAction *,int &)" (?cullTest@SoSeparator@@MEAAHPEAVSoGLRenderAction@@AEAH@Z)
Painter.obj : error LNK2001: unresolved external symbol "protected: virtual int __cdecl SoSeparator::cullTest(class SoGLRenderAction *,int &)" (?cullTest@SoSeparator@@MEAAHPEAVSoGLRenderAction@@AEAH@Z)
main.obj : error LNK2001: unresolved external symbol "protected: virtual int __cdecl SoSeparator::cullTest(class SoState *)" (?cullTest@SoSeparator@@MEAAHPEAVSoState@@@Z)
Painter.obj : error LNK2001: unresolved external symbol "protected: virtual int __cdecl SoSeparator::cullTest(class SoState *)" (?cullTest@SoSeparator@@MEAAHPEAVSoState@@@Z)
main.obj : error LNK2001: unresolved external symbol "protected: virtual int __cdecl SoSeparator::readInstance(class SoInput *,unsigned short)" (?readInstance@SoSeparator@@MEAAHPEAVSoInput@@G@Z)
Painter.obj : error LNK2001: unresolved external symbol "protected: virtual int __cdecl SoSeparator::readInstance(class SoInput *,unsigned short)" (?readInstance@SoSeparator@@MEAAHPEAVSoInput@@G@Z)
main.obj : error LNK2001: unresolved external symbol "public: virtual void __cdecl SoGroup::addChild(class SoNode *)" (?addChild@SoGroup@@UEAAXPEAVSoNode@@@Z)
Painter.obj : error LNK2001: unresolved external symbol "public: virtual void __cdecl SoGroup::addChild(class SoNode *)" (?addChild@SoGroup@@UEAAXPEAVSoNode@@@Z)
main.obj : error LNK2001: unresolved external symbol "public: virtual void __cdecl SoGroup::insertChild(class SoNode *,int)" (?insertChild@SoGroup@@UEAAXPEAVSoNode@@H@Z)
Painter.obj : error LNK2001: unresolved external symbol "public: virtual void __cdecl SoGroup::insertChild(class SoNode *,int)" (?insertChild@SoGroup@@UEAAXPEAVSoNode@@H@Z)
main.obj : error LNK2001: unresolved external symbol "public: virtual class SoNode * __cdecl SoGroup::getChild(int)const " (?getChild@SoGroup@@UEBAPEAVSoNode@@H@Z)
Painter.obj : error LNK2001: unresolved external symbol "public: virtual class SoNode * __cdecl SoGroup::getChild(int)const " (?getChild@SoGroup@@UEBAPEAVSoNode@@H@Z)
main.obj : error LNK2001: unresolved external symbol "public: virtual int __cdecl SoGroup::findChild(class SoNode const *)const " (?findChild@SoGroup@@UEBAHPEBVSoNode@@@Z)
Painter.obj : error LNK2001: unresolved external symbol "public: virtual int __cdecl SoGroup::findChild(class SoNode const *)const " (?findChild@SoGroup@@UEBAHPEBVSoNode@@@Z)
main.obj : error LNK2001: unresolved external symbol "public: virtual int __cdecl SoGroup::getNumChildren(void)const " (?getNumChildren@SoGroup@@UEBAHXZ)
Painter.obj : error LNK2001: unresolved external symbol "public: virtual int __cdecl SoGroup::getNumChildren(void)const " (?getNumChildren@SoGroup@@UEBAHXZ)
main.obj : error LNK2001: unresolved external symbol "public: virtual void __cdecl SoGroup::removeChild(class SoNode *)" (?removeChild@SoGroup@@UEAAXPEAVSoNode@@@Z)
Painter.obj : error LNK2001: unresolved external symbol "public: virtual void __cdecl SoGroup::removeChild(class SoNode *)" (?removeChild@SoGroup@@UEAAXPEAVSoNode@@@Z)
main.obj : error LNK2001: unresolved external symbol "public: virtual void __cdecl SoGroup::removeChild(int)" (?removeChild@SoGroup@@UEAAXH@Z)
Painter.obj : error LNK2001: unresolved external symbol "public: virtual void __cdecl SoGroup::removeChild(int)" (?removeChild@SoGroup@@UEAAXH@Z)
main.obj : error LNK2001: unresolved external symbol "public: virtual void __cdecl SoGroup::removeAllChildren(void)" (?removeAllChildren@SoGroup@@UEAAXXZ)
Painter.obj : error LNK2001: unresolved external symbol "public: virtual void __cdecl SoGroup::removeAllChildren(void)" (?removeAllChildren@SoGroup@@UEAAXXZ)
main.obj : error LNK2001: unresolved external symbol "public: virtual void __cdecl SoGroup::replaceChild(class SoNode *,class SoNode *)" (?replaceChild@SoGroup@@UEAAXPEAVSoNode@@0@Z)
Painter.obj : error LNK2001: unresolved external symbol "public: virtual void __cdecl SoGroup::replaceChild(class SoNode *,class SoNode *)" (?replaceChild@SoGroup@@UEAAXPEAVSoNode@@0@Z)
main.obj : error LNK2001: unresolved external symbol "public: virtual void __cdecl SoGroup::replaceChild(int,class SoNode *)" (?replaceChild@SoGroup@@UEAAXHPEAVSoNode@@@Z)
Painter.obj : error LNK2001: unresolved external symbol "public: virtual void __cdecl SoGroup::replaceChild(int,class SoNode *)" (?replaceChild@SoGroup@@UEAAXHPEAVSoNode@@@Z)
main.obj : error LNK2001: unresolved external symbol "public: virtual void __cdecl SoGroup::pick(class SoPickAction *)" (?pick@SoGroup@@UEAAXPEAVSoPickAction@@@Z)
Painter.obj : error LNK2001: unresolved external symbol "public: virtual void __cdecl SoGroup::pick(class SoPickAction *)" (?pick@SoGroup@@UEAAXPEAVSoPickAction@@@Z)
main.obj : error LNK2001: unresolved external symbol "public: virtual void __cdecl SoGroup::write(class SoWriteAction *)" (?write@SoGroup@@UEAAXPEAVSoWriteAction@@@Z)
Painter.obj : error LNK2001: unresolved external symbol "public: virtual void __cdecl SoGroup::write(class SoWriteAction *)" (?write@SoGroup@@UEAAXPEAVSoWriteAction@@@Z)
main.obj : error LNK2001: unresolved external symbol "public: virtual class SoChildList * __cdecl SoGroup::getChildren(void)const " (?getChildren@SoGroup@@UEBAPEAVSoChildList@@XZ)
Painter.obj : error LNK2001: unresolved external symbol "public: virtual class SoChildList * __cdecl SoGroup::getChildren(void)const " (?getChildren@SoGroup@@UEBAPEAVSoChildList@@XZ)
main.obj : error LNK2001: unresolved external symbol "protected: virtual int __cdecl SoGroup::readChildren(class SoInput *)" (?readChildren@SoGroup@@MEAAHPEAVSoInput@@@Z)
Painter.obj : error LNK2001: unresolved external symbol "protected: virtual int __cdecl SoGroup::readChildren(class SoInput *)" (?readChildren@SoGroup@@MEAAHPEAVSoInput@@@Z)
main.obj : error LNK2001: unresolved external symbol "protected: virtual void __cdecl SoGroup::copyContents(class SoFieldContainer const *,int)" (?copyContents@SoGroup@@MEAAXPEBVSoFieldContainer@@H@Z)
Painter.obj : error LNK2001: unresolved external symbol "protected: virtual void __cdecl SoGroup::copyContents(class SoFieldContainer const *,int)" (?copyContents@SoGroup@@MEAAXPEBVSoFieldContainer@@H@Z)
main.obj : error LNK2001: unresolved external symbol "public: virtual class SoNode * __cdecl SoNode::copy(int)const " (?copy@SoNode@@UEBAPEAV1@H@Z)
Painter.obj : error LNK2001: unresolved external symbol "public: virtual class SoNode * __cdecl SoNode::copy(int)const " (?copy@SoNode@@UEBAPEAV1@H@Z)
main.obj : error LNK2001: unresolved external symbol "public: virtual void __cdecl SoNode::grabEventsSetup(void)" (?grabEventsSetup@SoNode@@UEAAXXZ)
Painter.obj : error LNK2001: unresolved external symbol "public: virtual void __cdecl SoNode::grabEventsSetup(void)" (?grabEventsSetup@SoNode@@UEAAXXZ)
main.obj : error LNK2001: unresolved external symbol "public: virtual void __cdecl SoNode::grabEventsCleanup(void)" (?grabEventsCleanup@SoNode@@UEAAXXZ)
Painter.obj : error LNK2001: unresolved external symbol "public: virtual void __cdecl SoNode::grabEventsCleanup(void)" (?grabEventsCleanup@SoNode@@UEAAXXZ)
main.obj : error LNK2001: unresolved external symbol "public: virtual void __cdecl SoNode::startNotify(void)" (?startNotify@SoNode@@UEAAXXZ)
Painter.obj : error LNK2001: unresolved external symbol "public: virtual void __cdecl SoNode::startNotify(void)" (?startNotify@SoNode@@UEAAXXZ)
main.obj : error LNK2001: unresolved external symbol "public: virtual void __cdecl SoNode::writeInstance(class SoOutput *)" (?writeInstance@SoNode@@UEAAXPEAVSoOutput@@@Z)
Painter.obj : error LNK2001: unresolved external symbol "public: virtual void __cdecl SoNode::writeInstance(class SoOutput *)" (?writeInstance@SoNode@@UEAAXPEAVSoOutput@@@Z)
main.obj : error LNK2001: unresolved external symbol "public: virtual class SoNode * __cdecl SoNode::addToCopyDict(void)const " (?addToCopyDict@SoNode@@UEBAPEAV1@XZ)
Painter.obj : error LNK2001: unresolved external symbol "public: virtual class SoNode * __cdecl SoNode::addToCopyDict(void)const " (?addToCopyDict@SoNode@@UEBAPEAV1@XZ)
main.obj : error LNK2001: unresolved external symbol "public: virtual class SoFieldContainer * __cdecl SoNode::copyThroughConnection(void)const " (?copyThroughConnection@SoNode@@UEBAPEAVSoFieldContainer@@XZ)
Painter.obj : error LNK2001: unresolved external symbol "public: virtual class SoFieldContainer * __cdecl SoNode::copyThroughConnection(void)const " (?copyThroughConnection@SoNode@@UEBAPEAVSoFieldContainer@@XZ)
main.obj : error LNK2001: unresolved external symbol "protected: virtual void __cdecl SoWinRenderArea::redraw(void)" (?redraw@SoWinRenderArea@@MEAAXXZ)
main.obj : error LNK2001: unresolved external symbol "protected: virtual void __cdecl SoWinRenderArea::redrawOverlay(void)" (?redrawOverlay@SoWinRenderArea@@MEAAXXZ)
main.obj : error LNK2001: unresolved external symbol "protected: virtual void __cdecl SoWinRenderArea::actualOverlayRedraw(void)" (?actualOverlayRedraw@SoWinRenderArea@@MEAAXXZ)
main.obj : error LNK2001: unresolved external symbol "protected: virtual void __cdecl SoWinRenderArea::processEvent(struct tagMSG *)" (?processEvent@SoWinRenderArea@@MEAAXPEAUtagMSG@@@Z)
main.obj : error LNK2001: unresolved external symbol "protected: virtual void __cdecl SoWinRenderArea::initGraphic(void)" (?initGraphic@SoWinRenderArea@@MEAAXXZ)
main.obj : error LNK2001: unresolved external symbol "protected: virtual void __cdecl SoWinRenderArea::initOverlayGraphic(void)" (?initOverlayGraphic@SoWinRenderArea@@MEAAXXZ)
main.obj : error LNK2001: unresolved external symbol "protected: virtual void __cdecl SoWinRenderArea::widgetChanged(struct HWND__ *)" (?widgetChanged@SoWinRenderArea@@MEAAXPEAUHWND__@@@Z)
main.obj : error LNK2001: unresolved external symbol "protected: virtual int __cdecl SoWinRenderArea::glScheduleRedraw(void)" (?glScheduleRedraw@SoWinRenderArea@@MEAAHXZ)
main.obj : error LNK2001: unresolved external symbol "public: virtual void __cdecl SoWinViewer::setCameraType(class SoType)" (?setCameraType@SoWinViewer@@UEAAXVSoType@@@Z)
main.obj : error LNK2001: unresolved external symbol "public: virtual void __cdecl SoWinViewer::toggleCameraType(void)" (?toggleCameraType@SoWinViewer@@UEAAXXZ)
main.obj : error LNK2001: unresolved external symbol "public: virtual void __cdecl SoWinViewer::viewAll(void)" (?viewAll@SoWinViewer@@UEAAXXZ)
main.obj : error LNK2001: unresolved external symbol "public: virtual void __cdecl SoWinViewer::saveHomePosition(void)" (?saveHomePosition@SoWinViewer@@UEAAXXZ)
main.obj : error LNK2001: unresolved external symbol "public: virtual void __cdecl SoWinViewer::resetToHomePosition(void)" (?resetToHomePosition@SoWinViewer@@UEAAXXZ)
main.obj : error LNK2001: unresolved external symbol "public: virtual void __cdecl SoWinViewer::setHeadlight(int)" (?setHeadlight@SoWinViewer@@UEAAXH@Z)
main.obj : error LNK2001: unresolved external symbol "public: virtual void __cdecl SoWinViewer::setDrawStyle(enum SoWinViewer::DrawType,enum SoWinViewer::DrawStyle)" (?setDrawStyle@SoWinViewer@@UEAAXW4DrawType@1@W4DrawStyle@1@@Z)
main.obj : error LNK2001: unresolved external symbol "public: virtual void __cdecl SoWinViewer::setBufferingType(enum SoWinViewer::BufferType)" (?setBufferingType@SoWinViewer@@UEAAXW4BufferType@1@@Z)
main.obj : error LNK2001: unresolved external symbol "public: virtual void __cdecl SoWinViewer::setStereoViewing(int)" (?setStereoViewing@SoWinViewer@@UEAAXH@Z)
main.obj : error LNK2001: unresolved external symbol "public: virtual void __cdecl SoWinViewer::setStereoOffset(float)" (?setStereoOffset@SoWinViewer@@UEAAXM@Z)
main.obj : error LNK2001: unresolved external symbol "public: virtual void __cdecl SoWinViewer::setDoubleBuffer(int)" (?setDoubleBuffer@SoWinViewer@@UEAAXH@Z)
main.obj : error LNK2001: unresolved external symbol "public: virtual void __cdecl SoWinViewer::setSceneGraph(class SoNode *)" (?setSceneGraph@SoWinViewer@@UEAAXPEAVSoNode@@@Z)
main.obj : error LNK2001: unresolved external symbol "public: virtual class SoNode * __cdecl SoWinViewer::getSceneGraph(void)" (?getSceneGraph@SoWinViewer@@UEAAPEAVSoNode@@XZ)
main.obj : error LNK2001: unresolved external symbol "protected: virtual void __cdecl SoWinViewer::computeSeekFinalOrientation(void)" (?computeSeekFinalOrientation@SoWinViewer@@MEAAXXZ)
main.obj : error LNK2001: unresolved external symbol "protected: virtual void __cdecl SoWinViewer::changeCameraValues(class SoCamera *)" (?changeCameraValues@SoWinViewer@@MEAAXPEAVSoCamera@@@Z)
main.obj : error LNK2001: unresolved external symbol "public: virtual int __cdecl SoFieldContainer::getFields(class SoFieldList &)const " (?getFields@SoFieldContainer@@UEBAHAEAVSoFieldList@@@Z)
Painter.obj : error LNK2001: unresolved external symbol "public: virtual int __cdecl SoFieldContainer::getFields(class SoFieldList &)const " (?getFields@SoFieldContainer@@UEBAHAEAVSoFieldList@@@Z)
main.obj : error LNK2001: unresolved external symbol "public: virtual int __cdecl SoFieldContainer::getAllFields(class SoFieldList &)const " (?getAllFields@SoFieldContainer@@UEBAHAEAVSoFieldList@@@Z)
Painter.obj : error LNK2001: unresolved external symbol "public: virtual int __cdecl SoFieldContainer::getAllFields(class SoFieldList &)const " (?getAllFields@SoFieldContainer@@UEBAHAEAVSoFieldList@@@Z)
main.obj : error LNK2001: unresolved external symbol "public: virtual class SoField * __cdecl SoFieldContainer::getField(class SbName const &)const " (?getField@SoFieldContainer@@UEBAPEAVSoField@@AEBVSbName@@@Z)
Painter.obj : error LNK2001: unresolved external symbol "public: virtual class SoField * __cdecl SoFieldContainer::getField(class SbName const &)const " (?getField@SoFieldContainer@@UEBAPEAVSoField@@AEBVSbName@@@Z)
main.obj : error LNK2001: unresolved external symbol "public: virtual class SoField * __cdecl SoFieldContainer::getEventIn(class SbName const &)const " (?getEventIn@SoFieldContainer@@UEBAPEAVSoField@@AEBVSbName@@@Z)
Painter.obj : error LNK2001: unresolved external symbol "public: virtual class SoField * __cdecl SoFieldContainer::getEventIn(class SbName const &)const " (?getEventIn@SoFieldContainer@@UEBAPEAVSoField@@AEBVSbName@@@Z)
main.obj : error LNK2001: unresolved external symbol "public: virtual class SoField * __cdecl SoFieldContainer::getEventOut(class SbName const &)const " (?getEventOut@SoFieldContainer@@UEBAPEAVSoField@@AEBVSbName@@@Z)
Painter.obj : error LNK2001: unresolved external symbol "public: virtual class SoField * __cdecl SoFieldContainer::getEventOut(class SbName const &)const " (?getEventOut@SoFieldContainer@@UEBAPEAVSoField@@AEBVSbName@@@Z)
main.obj : error LNK2001: unresolved external symbol "public: virtual int __cdecl SoFieldContainer::validateNewFieldValue(class SoField *,void *)" (?validateNewFieldValue@SoFieldContainer@@UEAAHPEAVSoField@@PEAX@Z)
Painter.obj : error LNK2001: unresolved external symbol "public: virtual int __cdecl SoFieldContainer::validateNewFieldValue(class SoField *,void *)" (?validateNewFieldValue@SoFieldContainer@@UEAAHPEAVSoField@@PEAX@Z)
main.obj : error LNK2001: unresolved external symbol "public: virtual void __cdecl SoFieldContainer::addWriteReference(class SoOutput *,int)" (?addWriteReference@SoFieldContainer@@UEAAXPEAVSoOutput@@H@Z)
Painter.obj : error LNK2001: unresolved external symbol "public: virtual void __cdecl SoFieldContainer::addWriteReference(class SoOutput *,int)" (?addWriteReference@SoFieldContainer@@UEAAXPEAVSoOutput@@H@Z)
main.obj : error LNK2001: unresolved external symbol "public: virtual void __cdecl SoWinFullViewer::setComponentCursor(class SoWinCursor const &)" (?setComponentCursor@SoWinFullViewer@@UEAAXAEBVSoWinCursor@@@Z)
main.obj : error LNK2001: unresolved external symbol "protected: virtual void __cdecl SoWinFullViewer::sizeChanged(class SbVec2s const &)" (?sizeChanged@SoWinFullViewer@@MEAAXAEBVSbVec2s@@@Z)
main.obj : error LNK2001: unresolved external symbol "protected: virtual void __cdecl SoWinFullViewer::buildDecoration(struct HWND__ *)" (?buildDecoration@SoWinFullViewer@@MEAAXPEAUHWND__@@@Z)
main.obj : error LNK2001: unresolved external symbol "protected: virtual struct HWND__ * __cdecl SoWinFullViewer::buildLeftTrim(struct HWND__ *)" (?buildLeftTrim@SoWinFullViewer@@MEAAPEAUHWND__@@PEAU2@@Z)
main.obj : error LNK2001: unresolved external symbol "protected: virtual struct HWND__ * __cdecl SoWinFullViewer::buildBottomTrim(struct HWND__ *)" (?buildBottomTrim@SoWinFullViewer@@MEAAPEAUHWND__@@PEAU2@@Z)
main.obj : error LNK2001: unresolved external symbol "protected: virtual struct HWND__ * __cdecl SoWinFullViewer::buildRightTrim(struct HWND__ *)" (?buildRightTrim@SoWinFullViewer@@MEAAPEAUHWND__@@PEAU2@@Z)
main.obj : error LNK2001: unresolved external symbol "protected: virtual void __cdecl SoWinFullViewer::buildPopupMenu(void)" (?buildPopupMenu@SoWinFullViewer@@MEAAXXZ)
main.obj : error LNK2001: unresolved external symbol "protected: virtual void __cdecl SoWinFullViewer::setPopupMenuString(char const *)" (?setPopupMenuString@SoWinFullViewer@@MEAAXPEBD@Z)
main.obj : error LNK2001: unresolved external symbol "protected: virtual void __cdecl SoWinFullViewer::openPopupMenu(class SbVec2s)" (?openPopupMenu@SoWinFullViewer@@MEAAXVSbVec2s@@@Z)
main.obj : error LNK2001: unresolved external symbol "protected: virtual void __cdecl SoWinFullViewer::leftWheelStart(void)" (?leftWheelStart@SoWinFullViewer@@MEAAXXZ)
main.obj : error LNK2001: unresolved external symbol "protected: virtual void __cdecl SoWinFullViewer::leftWheelFinish(void)" (?leftWheelFinish@SoWinFullViewer@@MEAAXXZ)
main.obj : error LNK2001: unresolved external symbol "protected: virtual void __cdecl SoWinFullViewer::bottomWheelStart(void)" (?bottomWheelStart@SoWinFullViewer@@MEAAXXZ)
main.obj : error LNK2001: unresolved external symbol "protected: virtual void __cdecl SoWinFullViewer::bottomWheelFinish(void)" (?bottomWheelFinish@SoWinFullViewer@@MEAAXXZ)
main.obj : error LNK2001: unresolved external symbol "protected: virtual void __cdecl SoWinFullViewer::rightWheelStart(void)" (?rightWheelStart@SoWinFullViewer@@MEAAXXZ)
main.obj : error LNK2001: unresolved external symbol "protected: virtual void __cdecl SoWinFullViewer::rightWheelFinish(void)" (?rightWheelFinish@SoWinFullViewer@@MEAAXXZ)
Painter.obj : error LNK2019: unresolved external symbol "__declspec(dllimport) public: __cdecl SbVec3f::SbVec3f(float const * const)" (__imp_??0SbVec3f@@QEAA@QEBM@Z) referenced in function "public: class SoSeparator * __cdecl Painter::drawEdge(class Mesh *,int)" (?drawEdge@Painter@@QEAAPEAVSoSeparator@@PEAVMesh@@H@Z)
Painter.obj : error LNK2019: unresolved external symbol "__declspec(dllimport) public: __cdecl SbVec3f::SbVec3f(float,float,float)" (__imp_??0SbVec3f@@QEAA@MMM@Z) referenced in function "public: class SoSeparator * __cdecl Painter::paintSphere(class Mesh *,class std::vector<int,class std::allocator<int> > &)" (?paintSphere@Painter@@QEAAPEAVSoSeparator@@PEAVMesh@@AEAV?$vector@HV?$allocator@H@std@@@std@@@Z)
Painter.obj : error LNK2019: unresolved external symbol "__declspec(dllimport) public: __cdecl SbColor::SbColor(float,float,float)" (__imp_??0SbColor@@QEAA@MMM@Z) referenced in function "public: class SoSeparator * __cdecl Painter::paintCurvature(class Mesh *,class std::vector<int,class std::allocator<int> > &)" (?paintCurvature@Painter@@QEAAPEAVSoSeparator@@PEAVMesh@@AEAV?$vector@HV?$allocator@H@std@@@std@@@Z)
Painter.obj : error LNK2019: unresolved external symbol "__declspec(dllimport) public: void __cdecl SoMFColor::set1Value(int,class SbColor const &)" (__imp_?set1Value@SoMFColor@@QEAAXHAEBVSbColor@@@Z) referenced in function "public: class SoSeparator * __cdecl Painter::paintCurvature(class Mesh *,class std::vector<int,class std::allocator<int> > &)" (?paintCurvature@Painter@@QEAAPEAVSoSeparator@@PEAVMesh@@AEAV?$vector@HV?$allocator@H@std@@@std@@@Z)
Painter.obj : error LNK2019: unresolved external symbol "__declspec(dllimport) public: void __cdecl SoMFColor::setValue(class SbColor const &)" (__imp_?setValue@SoMFColor@@QEAAXAEBVSbColor@@@Z) referenced in function "public: class SoSeparator * __cdecl Painter::paintSphere(class Mesh *,class std::vector<int,class std::allocator<int> > &)" (?paintSphere@Painter@@QEAAPEAVSoSeparator@@PEAVMesh@@AEAV?$vector@HV?$allocator@H@std@@@std@@@Z)
Painter.obj : error LNK2019: unresolved external symbol "__declspec(dllimport) public: void __cdecl SoMFColor::setValue(float,float,float)" (__imp_?setValue@SoMFColor@@QEAAXMMM@Z) referenced in function "public: class SoSeparator * __cdecl Painter::getShapeSep(class Mesh *)" (?getShapeSep@Painter@@QEAAPEAVSoSeparator@@PEAVMesh@@@Z)
Painter.obj : error LNK2019: unresolved external symbol "__declspec(dllimport) public: void __cdecl SoMFColor::set1Value(int,class SbVec3f const &)" (__imp_?set1Value@SoMFColor@@QEAAXHAEBVSbVec3f@@@Z) referenced in function "public: class SoSeparator * __cdecl Painter::getShapeSep(class Mesh *)" (?getShapeSep@Painter@@QEAAPEAVSoSeparator@@PEAVMesh@@@Z)
Painter.obj : error LNK2019: unresolved external symbol "__declspec(dllimport) public: void __cdecl SoMFColor::set1Value(int,float,float,float)" (__imp_?set1Value@SoMFColor@@QEAAXHMMM@Z) referenced in function "public: class SoSeparator * __cdecl Painter::drawEdge(class Mesh *,int)" (?drawEdge@Painter@@QEAAPEAVSoSeparator@@PEAVMesh@@H@Z)
Painter.obj : error LNK2019: unresolved external symbol "__declspec(dllimport) public: float __cdecl SoSFFloat::operator=(float)" (__imp_??4SoSFFloat@@QEAAMM@Z) referenced in function "public: class SoSeparator * __cdecl Painter::drawEdge(class Mesh *,int)" (?drawEdge@Painter@@QEAAPEAVSoSeparator@@PEAVMesh@@H@Z)
Painter.obj : error LNK2019: unresolved external symbol "__declspec(dllimport) public: __cdecl SoMaterial::SoMaterial(void)" (__imp_??0SoMaterial@@QEAA@XZ) referenced in function "public: class SoSeparator * __cdecl Painter::drawEdge(class Mesh *,int)" (?drawEdge@Painter@@QEAAPEAVSoSeparator@@PEAVMesh@@H@Z)
Painter.obj : error LNK2019: unresolved external symbol "__declspec(dllimport) protected: virtual __cdecl SoMaterial::~SoMaterial(void)" (__imp_??1SoMaterial@@MEAA@XZ) referenced in function "protected: virtual void * __cdecl SoMaterial::`scalar deleting destructor'(unsigned int)" (??_GSoMaterial@@MEAAPEAXI@Z)
Painter.obj : error LNK2019: unresolved external symbol "__declspec(dllimport) public: void __cdecl SoMFVec3f::set1Value(int,class SbVec3f const &)" (__imp_?set1Value@SoMFVec3f@@QEAAXHAEBVSbVec3f@@@Z) referenced in function "public: class SoSeparator * __cdecl Painter::drawEdge(class Mesh *,int)" (?drawEdge@Painter@@QEAAPEAVSoSeparator@@PEAVMesh@@H@Z)
Painter.obj : error LNK2019: unresolved external symbol "__declspec(dllimport) public: void __cdecl SoMFVec3f::set1Value(int,float,float,float)" (__imp_?set1Value@SoMFVec3f@@QEAAXHMMM@Z) referenced in function "public: class SoSeparator * __cdecl Painter::getShapeSep(class Mesh *)" (?getShapeSep@Painter@@QEAAPEAVSoSeparator@@PEAVMesh@@@Z)
Painter.obj : error LNK2019: unresolved external symbol "__declspec(dllimport) public: __cdecl SoCoordinate3::SoCoordinate3(void)" (__imp_??0SoCoordinate3@@QEAA@XZ) referenced in function "public: class SoSeparator * __cdecl Painter::drawEdge(class Mesh *,int)" (?drawEdge@Painter@@QEAAPEAVSoSeparator@@PEAVMesh@@H@Z)
Painter.obj : error LNK2019: unresolved external symbol "__declspec(dllimport) protected: virtual __cdecl SoCoordinate3::~SoCoordinate3(void)" (__imp_??1SoCoordinate3@@MEAA@XZ) referenced in function "protected: virtual void * __cdecl SoCoordinate3::`scalar deleting destructor'(unsigned int)" (??_GSoCoordinate3@@MEAAPEAXI@Z)
Painter.obj : error LNK2019: unresolved external symbol "__declspec(dllimport) public: int __cdecl SoSFEnum::operator=(int)" (__imp_??4SoSFEnum@@QEAAHH@Z) referenced in function "public: class SoSeparator * __cdecl Painter::getShapeSep(class Mesh *)" (?getShapeSep@Painter@@QEAAPEAVSoSeparator@@PEAVMesh@@@Z)
Painter.obj : error LNK2019: unresolved external symbol "__declspec(dllimport) public: __cdecl SoMaterialBinding::SoMaterialBinding(void)" (__imp_??0SoMaterialBinding@@QEAA@XZ) referenced in function "public: class SoSeparator * __cdecl Painter::getShapeSep(class Mesh *)" (?getShapeSep@Painter@@QEAAPEAVSoSeparator@@PEAVMesh@@@Z)
Painter.obj : error LNK2019: unresolved external symbol "__declspec(dllimport) protected: virtual __cdecl SoMaterialBinding::~SoMaterialBinding(void)" (__imp_??1SoMaterialBinding@@MEAA@XZ) referenced in function "protected: virtual void * __cdecl SoMaterialBinding::`scalar deleting destructor'(unsigned int)" (??_GSoMaterialBinding@@MEAAPEAXI@Z)
Painter.obj : error LNK2019: unresolved external symbol "__declspec(dllimport) public: void __cdecl SoMFInt32::set1Value(int,int)" (__imp_?set1Value@SoMFInt32@@QEAAXHH@Z) referenced in function "public: class SoSeparator * __cdecl Painter::drawEdge(class Mesh *,int)" (?drawEdge@Painter@@QEAAPEAVSoSeparator@@PEAVMesh@@H@Z)
Painter.obj : error LNK2019: unresolved external symbol "__declspec(dllimport) public: __cdecl SoIndexedFaceSet::SoIndexedFaceSet(void)" (__imp_??0SoIndexedFaceSet@@QEAA@XZ) referenced in function "public: class SoSeparator * __cdecl Painter::getShapeSep(class Mesh *)" (?getShapeSep@Painter@@QEAAPEAVSoSeparator@@PEAVMesh@@@Z)
Painter.obj : error LNK2019: unresolved external symbol "__declspec(dllimport) protected: virtual __cdecl SoIndexedFaceSet::~SoIndexedFaceSet(void)" (__imp_??1SoIndexedFaceSet@@MEAA@XZ) referenced in function "protected: virtual void * __cdecl SoIndexedFaceSet::`scalar deleting destructor'(unsigned int)" (??_GSoIndexedFaceSet@@MEAAPEAXI@Z)
Painter.obj : error LNK2019: unresolved external symbol "__declspec(dllimport) public: __cdecl SoShapeHints::SoShapeHints(void)" (__imp_??0SoShapeHints@@QEAA@XZ) referenced in function "public: class SoSeparator * __cdecl Painter::getShapeSep(class Mesh *)" (?getShapeSep@Painter@@QEAAPEAVSoSeparator@@PEAVMesh@@@Z)
Painter.obj : error LNK2019: unresolved external symbol "__declspec(dllimport) protected: virtual __cdecl SoShapeHints::~SoShapeHints(void)" (__imp_??1SoShapeHints@@MEAA@XZ) referenced in function "protected: virtual void * __cdecl SoShapeHints::`scalar deleting destructor'(unsigned int)" (??_GSoShapeHints@@MEAAPEAXI@Z)
Painter.obj : error LNK2019: unresolved external symbol "__declspec(dllimport) public: __cdecl SoDrawStyle::SoDrawStyle(void)" (__imp_??0SoDrawStyle@@QEAA@XZ) referenced in function "public: class SoSeparator * __cdecl Painter::drawEdge(class Mesh *,int)" (?drawEdge@Painter@@QEAAPEAVSoSeparator@@PEAVMesh@@H@Z)
Painter.obj : error LNK2019: unresolved external symbol "__declspec(dllimport) protected: virtual __cdecl SoDrawStyle::~SoDrawStyle(void)" (__imp_??1SoDrawStyle@@MEAA@XZ) referenced in function "protected: virtual void * __cdecl SoDrawStyle::`scalar deleting destructor'(unsigned int)" (??_GSoDrawStyle@@MEAAPEAXI@Z)
Painter.obj : error LNK2019: unresolved external symbol "__declspec(dllimport) public: __cdecl SoIndexedLineSet::SoIndexedLineSet(void)" (__imp_??0SoIndexedLineSet@@QEAA@XZ) referenced in function "public: class SoSeparator * __cdecl Painter::drawEdge(class Mesh *,int)" (?drawEdge@Painter@@QEAAPEAVSoSeparator@@PEAVMesh@@H@Z)
Painter.obj : error LNK2019: unresolved external symbol "__declspec(dllimport) protected: virtual __cdecl SoIndexedLineSet::~SoIndexedLineSet(void)" (__imp_??1SoIndexedLineSet@@MEAA@XZ) referenced in function "protected: virtual void * __cdecl SoIndexedLineSet::`scalar deleting destructor'(unsigned int)" (??_GSoIndexedLineSet@@MEAAPEAXI@Z)
Painter.obj : error LNK2019: unresolved external symbol "__declspec(dllimport) public: void __cdecl SoSFVec3f::setValue(class SbVec3f const &)" (__imp_?setValue@SoSFVec3f@@QEAAXAEBVSbVec3f@@@Z) referenced in function "public: class SoSeparator * __cdecl Painter::paintSphere(class Mesh *,class std::vector<int,class std::allocator<int> > &)" (?paintSphere@Painter@@QEAAPEAVSoSeparator@@PEAVMesh@@AEAV?$vector@HV?$allocator@H@std@@@std@@@Z)
Painter.obj : error LNK2019: unresolved external symbol "__declspec(dllimport) public: __cdecl SoTransform::SoTransform(void)" (__imp_??0SoTransform@@QEAA@XZ) referenced in function "public: class SoSeparator * __cdecl Painter::paintSphere(class Mesh *,class std::vector<int,class std::allocator<int> > &)" (?paintSphere@Painter@@QEAAPEAVSoSeparator@@PEAVMesh@@AEAV?$vector@HV?$allocator@H@std@@@std@@@Z)
Painter.obj : error LNK2019: unresolved external symbol "__declspec(dllimport) protected: virtual __cdecl SoTransform::~SoTransform(void)" (__imp_??1SoTransform@@MEAA@XZ) referenced in function "protected: virtual void * __cdecl SoTransform::`scalar deleting destructor'(unsigned int)" (??_GSoTransform@@MEAAPEAXI@Z)
Painter.obj : error LNK2019: unresolved external symbol "__declspec(dllimport) public: __cdecl SoSphere::SoSphere(void)" (__imp_??0SoSphere@@QEAA@XZ) referenced in function "public: class SoSeparator * __cdecl Painter::paintSphere(class Mesh *,class std::vector<int,class std::allocator<int> > &)" (?paintSphere@Painter@@QEAAPEAVSoSeparator@@PEAVMesh@@AEAV?$vector@HV?$allocator@H@std@@@std@@@Z)
Painter.obj : error LNK2019: unresolved external symbol "__declspec(dllimport) protected: virtual __cdecl SoSphere::~SoSphere(void)" (__imp_??1SoSphere@@MEAA@XZ) referenced in function "protected: virtual void * __cdecl SoSphere::`scalar deleting destructor'(unsigned int)" (??_GSoSphere@@MEAAPEAXI@Z)
Painter.obj : error LNK2001: unresolved external symbol "public: virtual class SoType __cdecl SoShapeHints::getTypeId(void)const " (?getTypeId@SoShapeHints@@UEBA?AVSoType@@XZ)
Painter.obj : error LNK2001: unresolved external symbol "protected: virtual class SoFieldData const * __cdecl SoShapeHints::getFieldData(void)const " (?getFieldData@SoShapeHints@@MEBAPEBVSoFieldData@@XZ)
Painter.obj : error LNK2001: unresolved external symbol "public: virtual void __cdecl SoShapeHints::doAction(class SoAction *)" (?doAction@SoShapeHints@@UEAAXPEAVSoAction@@@Z)
Painter.obj : error LNK2001: unresolved external symbol "public: virtual void __cdecl SoShapeHints::GLRender(class SoGLRenderAction *)" (?GLRender@SoShapeHints@@UEAAXPEAVSoGLRenderAction@@@Z)
Painter.obj : error LNK2001: unresolved external symbol "public: virtual void __cdecl SoShapeHints::callback(class SoCallbackAction *)" (?callback@SoShapeHints@@UEAAXPEAVSoCallbackAction@@@Z)
Painter.obj : error LNK2001: unresolved external symbol "public: virtual void __cdecl SoShapeHints::getBoundingBox(class SoGetBoundingBoxAction *)" (?getBoundingBox@SoShapeHints@@UEAAXPEAVSoGetBoundingBoxAction@@@Z)
Painter.obj : error LNK2001: unresolved external symbol "public: virtual void __cdecl SoShapeHints::pick(class SoPickAction *)" (?pick@SoShapeHints@@UEAAXPEAVSoPickAction@@@Z)
Painter.obj : error LNK2001: unresolved external symbol "public: virtual class SoType __cdecl SoCoordinate3::getTypeId(void)const " (?getTypeId@SoCoordinate3@@UEBA?AVSoType@@XZ)
Painter.obj : error LNK2001: unresolved external symbol "protected: virtual class SoFieldData const * __cdecl SoCoordinate3::getFieldData(void)const " (?getFieldData@SoCoordinate3@@MEBAPEBVSoFieldData@@XZ)
Painter.obj : error LNK2001: unresolved external symbol "public: virtual void __cdecl SoCoordinate3::doAction(class SoAction *)" (?doAction@SoCoordinate3@@UEAAXPEAVSoAction@@@Z)
Painter.obj : error LNK2001: unresolved external symbol "public: virtual void __cdecl SoCoordinate3::GLRender(class SoGLRenderAction *)" (?GLRender@SoCoordinate3@@UEAAXPEAVSoGLRenderAction@@@Z)
Painter.obj : error LNK2001: unresolved external symbol "public: virtual void __cdecl SoCoordinate3::callback(class SoCallbackAction *)" (?callback@SoCoordinate3@@UEAAXPEAVSoCallbackAction@@@Z)
Painter.obj : error LNK2001: unresolved external symbol "public: virtual void __cdecl SoCoordinate3::getBoundingBox(class SoGetBoundingBoxAction *)" (?getBoundingBox@SoCoordinate3@@UEAAXPEAVSoGetBoundingBoxAction@@@Z)
Painter.obj : error LNK2001: unresolved external symbol "public: virtual void __cdecl SoCoordinate3::pick(class SoPickAction *)" (?pick@SoCoordinate3@@UEAAXPEAVSoPickAction@@@Z)
Painter.obj : error LNK2001: unresolved external symbol "public: virtual void __cdecl SoCoordinate3::getPrimitiveCount(class SoGetPrimitiveCountAction *)" (?getPrimitiveCount@SoCoordinate3@@UEAAXPEAVSoGetPrimitiveCountAction@@@Z)
Painter.obj : error LNK2001: unresolved external symbol "public: virtual class SoType __cdecl SoDrawStyle::getTypeId(void)const " (?getTypeId@SoDrawStyle@@UEBA?AVSoType@@XZ)
Painter.obj : error LNK2001: unresolved external symbol "protected: virtual class SoFieldData const * __cdecl SoDrawStyle::getFieldData(void)const " (?getFieldData@SoDrawStyle@@MEBAPEBVSoFieldData@@XZ)
Painter.obj : error LNK2001: unresolved external symbol "public: virtual void __cdecl SoDrawStyle::doAction(class SoAction *)" (?doAction@SoDrawStyle@@UEAAXPEAVSoAction@@@Z)
Painter.obj : error LNK2001: unresolved external symbol "public: virtual void __cdecl SoDrawStyle::GLRender(class SoGLRenderAction *)" (?GLRender@SoDrawStyle@@UEAAXPEAVSoGLRenderAction@@@Z)
Painter.obj : error LNK2001: unresolved external symbol "public: virtual void __cdecl SoDrawStyle::callback(class SoCallbackAction *)" (?callback@SoDrawStyle@@UEAAXPEAVSoCallbackAction@@@Z)
Painter.obj : error LNK2001: unresolved external symbol "public: virtual class SoType __cdecl SoSphere::getTypeId(void)const " (?getTypeId@SoSphere@@UEBA?AVSoType@@XZ)
Painter.obj : error LNK2001: unresolved external symbol "protected: virtual class SoFieldData const * __cdecl SoSphere::getFieldData(void)const " (?getFieldData@SoSphere@@MEBAPEBVSoFieldData@@XZ)
Painter.obj : error LNK2001: unresolved external symbol "public: virtual void __cdecl SoSphere::GLRender(class SoGLRenderAction *)" (?GLRender@SoSphere@@UEAAXPEAVSoGLRenderAction@@@Z)
Painter.obj : error LNK2001: unresolved external symbol "public: virtual void __cdecl SoSphere::rayPick(class SoRayPickAction *)" (?rayPick@SoSphere@@UEAAXPEAVSoRayPickAction@@@Z)
Painter.obj : error LNK2001: unresolved external symbol "public: virtual void __cdecl SoSphere::getPrimitiveCount(class SoGetPrimitiveCountAction *)" (?getPrimitiveCount@SoSphere@@UEAAXPEAVSoGetPrimitiveCountAction@@@Z)
Painter.obj : error LNK2001: unresolved external symbol "protected: virtual void __cdecl SoSphere::generatePrimitives(class SoAction *)" (?generatePrimitives@SoSphere@@MEAAXPEAVSoAction@@@Z)
Painter.obj : error LNK2001: unresolved external symbol "protected: virtual void __cdecl SoSphere::computeBBox(class SoAction *,class SbBox3f &,class SbVec3f &)" (?computeBBox@SoSphere@@MEAAXPEAVSoAction@@AEAVSbBox3f@@AEAVSbVec3f@@@Z)
Painter.obj : error LNK2001: unresolved external symbol "public: virtual class SoType __cdecl SoIndexedFaceSet::getTypeId(void)const " (?getTypeId@SoIndexedFaceSet@@UEBA?AVSoType@@XZ)
Painter.obj : error LNK2001: unresolved external symbol "protected: virtual class SoFieldData const * __cdecl SoIndexedFaceSet::getFieldData(void)const " (?getFieldData@SoIndexedFaceSet@@MEBAPEBVSoFieldData@@XZ)
Painter.obj : error LNK2001: unresolved external symbol "public: virtual void __cdecl SoIndexedFaceSet::GLRender(class SoGLRenderAction *)" (?GLRender@SoIndexedFaceSet@@UEAAXPEAVSoGLRenderAction@@@Z)
Painter.obj : error LNK2001: unresolved external symbol "public: virtual void __cdecl SoIndexedFaceSet::getPrimitiveCount(class SoGetPrimitiveCountAction *)" (?getPrimitiveCount@SoIndexedFaceSet@@UEAAXPEAVSoGetPrimitiveCountAction@@@Z)
Painter.obj : error LNK2001: unresolved external symbol "public: virtual int __cdecl SoIndexedFaceSet::generateDefaultNormals(class SoState *,class SoNormalCache *)" (?generateDefaultNormals@SoIndexedFaceSet@@UEAAHPEAVSoState@@PEAVSoNormalCache@@@Z)
Painter.obj : error LNK2001: unresolved external symbol "public: virtual int __cdecl SoIndexedFaceSet::generateDefaultNormals(class SoState *,class SoNormalBundle *)" (?generateDefaultNormals@SoIndexedFaceSet@@UEAAHPEAVSoState@@PEAVSoNormalBundle@@@Z)
Painter.obj : error LNK2001: unresolved external symbol "protected: virtual void __cdecl SoIndexedFaceSet::generatePrimitives(class SoAction *)" (?generatePrimitives@SoIndexedFaceSet@@MEAAXPEAVSoAction@@@Z)
Painter.obj : error LNK2001: unresolved external symbol "private: virtual void __cdecl SoIndexedFaceSet::notify(class SoNotList *)" (?notify@SoIndexedFaceSet@@EEAAXPEAVSoNotList@@@Z)
Painter.obj : error LNK2001: unresolved external symbol "public: virtual class SoType __cdecl SoMaterialBinding::getTypeId(void)const " (?getTypeId@SoMaterialBinding@@UEBA?AVSoType@@XZ)
Painter.obj : error LNK2001: unresolved external symbol "protected: virtual class SoFieldData const * __cdecl SoMaterialBinding::getFieldData(void)const " (?getFieldData@SoMaterialBinding@@MEBAPEBVSoFieldData@@XZ)
Painter.obj : error LNK2001: unresolved external symbol "public: virtual void __cdecl SoMaterialBinding::doAction(class SoAction *)" (?doAction@SoMaterialBinding@@UEAAXPEAVSoAction@@@Z)
Painter.obj : error LNK2001: unresolved external symbol "public: virtual void __cdecl SoMaterialBinding::GLRender(class SoGLRenderAction *)" (?GLRender@SoMaterialBinding@@UEAAXPEAVSoGLRenderAction@@@Z)
Painter.obj : error LNK2001: unresolved external symbol "public: virtual void __cdecl SoMaterialBinding::callback(class SoCallbackAction *)" (?callback@SoMaterialBinding@@UEAAXPEAVSoCallbackAction@@@Z)
Painter.obj : error LNK2001: unresolved external symbol "public: virtual void __cdecl SoMaterialBinding::pick(class SoPickAction *)" (?pick@SoMaterialBinding@@UEAAXPEAVSoPickAction@@@Z)
Painter.obj : error LNK2001: unresolved external symbol "public: virtual void __cdecl SoMaterialBinding::getPrimitiveCount(class SoGetPrimitiveCountAction *)" (?getPrimitiveCount@SoMaterialBinding@@UEAAXPEAVSoGetPrimitiveCountAction@@@Z)
Painter.obj : error LNK2001: unresolved external symbol "protected: virtual void __cdecl SoIndexedShape::computeBBox(class SoAction *,class SbBox3f &,class SbVec3f &)" (?computeBBox@SoIndexedShape@@MEAAXPEAVSoAction@@AEAVSbBox3f@@AEAVSbVec3f@@@Z)
Painter.obj : error LNK2001: unresolved external symbol "public: virtual class SoType __cdecl SoMaterial::getTypeId(void)const " (?getTypeId@SoMaterial@@UEBA?AVSoType@@XZ)
Painter.obj : error LNK2001: unresolved external symbol "protected: virtual class SoFieldData const * __cdecl SoMaterial::getFieldData(void)const " (?getFieldData@SoMaterial@@MEBAPEBVSoFieldData@@XZ)
Painter.obj : error LNK2001: unresolved external symbol "public: virtual void __cdecl SoMaterial::doAction(class SoAction *)" (?doAction@SoMaterial@@UEAAXPEAVSoAction@@@Z)
Painter.obj : error LNK2001: unresolved external symbol "public: virtual void __cdecl SoMaterial::GLRender(class SoGLRenderAction *)" (?GLRender@SoMaterial@@UEAAXPEAVSoGLRenderAction@@@Z)
Painter.obj : error LNK2001: unresolved external symbol "public: virtual void __cdecl SoMaterial::callback(class SoCallbackAction *)" (?callback@SoMaterial@@UEAAXPEAVSoCallbackAction@@@Z)
Painter.obj : error LNK2001: unresolved external symbol "protected: virtual void __cdecl SoMaterial::notify(class SoNotList *)" (?notify@SoMaterial@@MEAAXPEAVSoNotList@@@Z)
Painter.obj : error LNK2001: unresolved external symbol "public: virtual int __cdecl SoNode::affectsState(void)const " (?affectsState@SoNode@@UEBAHXZ)
Painter.obj : error LNK2001: unresolved external symbol "public: virtual void __cdecl SoNode::doAction(class SoAction *)" (?doAction@SoNode@@UEAAXPEAVSoAction@@@Z)
Painter.obj : error LNK2001: unresolved external symbol "public: virtual void __cdecl SoNode::GLRenderBelowPath(class SoGLRenderAction *)" (?GLRenderBelowPath@SoNode@@UEAAXPEAVSoGLRenderAction@@@Z)
Painter.obj : error LNK2001: unresolved external symbol "public: virtual void __cdecl SoNode::GLRenderInPath(class SoGLRenderAction *)" (?GLRenderInPath@SoNode@@UEAAXPEAVSoGLRenderAction@@@Z)
Painter.obj : error LNK2001: unresolved external symbol "public: virtual void __cdecl SoNode::GLRenderOffPath(class SoGLRenderAction *)" (?GLRenderOffPath@SoNode@@UEAAXPEAVSoGLRenderAction@@@Z)
Painter.obj : error LNK2001: unresolved external symbol "public: virtual void __cdecl SoNode::getBoundingBox(class SoGetBoundingBoxAction *)" (?getBoundingBox@SoNode@@UEAAXPEAVSoGetBoundingBoxAction@@@Z)
Painter.obj : error LNK2001: unresolved external symbol "public: virtual void __cdecl SoNode::getMatrix(class SoGetMatrixAction *)" (?getMatrix@SoNode@@UEAAXPEAVSoGetMatrixAction@@@Z)
Painter.obj : error LNK2001: unresolved external symbol "public: virtual void __cdecl SoNode::handleEvent(class SoHandleEventAction *)" (?handleEvent@SoNode@@UEAAXPEAVSoHandleEventAction@@@Z)
Painter.obj : error LNK2001: unresolved external symbol "public: virtual void __cdecl SoNode::pick(class SoPickAction *)" (?pick@SoNode@@UEAAXPEAVSoPickAction@@@Z)
Painter.obj : error LNK2001: unresolved external symbol "public: virtual void __cdecl SoNode::rayPick(class SoRayPickAction *)" (?rayPick@SoNode@@UEAAXPEAVSoRayPickAction@@@Z)
Painter.obj : error LNK2001: unresolved external symbol "public: virtual void __cdecl SoNode::search(class SoSearchAction *)" (?search@SoNode@@UEAAXPEAVSoSearchAction@@@Z)
Painter.obj : error LNK2001: unresolved external symbol "public: virtual void __cdecl SoNode::write(class SoWriteAction *)" (?write@SoNode@@UEAAXPEAVSoWriteAction@@@Z)
Painter.obj : error LNK2001: unresolved external symbol "public: virtual void __cdecl SoNode::audioRender(class SoAudioRenderAction *)" (?audioRender@SoNode@@UEAAXPEAVSoAudioRenderAction@@@Z)
Painter.obj : error LNK2001: unresolved external symbol "public: virtual void __cdecl SoNode::getPrimitiveCount(class SoGetPrimitiveCountAction *)" (?getPrimitiveCount@SoNode@@UEAAXPEAVSoGetPrimitiveCountAction@@@Z)
Painter.obj : error LNK2001: unresolved external symbol "public: virtual void __cdecl SoNode::notify(class SoNotList *)" (?notify@SoNode@@UEAAXPEAVSoNotList@@@Z)
Painter.obj : error LNK2001: unresolved external symbol "public: virtual class SoChildList * __cdecl SoNode::getChildren(void)const " (?getChildren@SoNode@@UEBAPEAVSoChildList@@XZ)
Painter.obj : error LNK2001: unresolved external symbol "public: virtual void __cdecl SoNode::copyContents(class SoFieldContainer const *,int)" (?copyContents@SoNode@@UEAAXPEBVSoFieldContainer@@H@Z)
Painter.obj : error LNK2001: unresolved external symbol "protected: virtual int __cdecl SoNode::readInstance(class SoInput *,unsigned short)" (?readInstance@SoNode@@MEAAHPEAVSoInput@@G@Z)
Painter.obj : error LNK2001: unresolved external symbol "public: virtual class SoType __cdecl SoIndexedLineSet::getTypeId(void)const " (?getTypeId@SoIndexedLineSet@@UEBA?AVSoType@@XZ)
Painter.obj : error LNK2001: unresolved external symbol "protected: virtual class SoFieldData const * __cdecl SoIndexedLineSet::getFieldData(void)const " (?getFieldData@SoIndexedLineSet@@MEBAPEBVSoFieldData@@XZ)
Painter.obj : error LNK2001: unresolved external symbol "public: virtual void __cdecl SoIndexedLineSet::GLRender(class SoGLRenderAction *)" (?GLRender@SoIndexedLineSet@@UEAAXPEAVSoGLRenderAction@@@Z)
Painter.obj : error LNK2001: unresolved external symbol "public: virtual void __cdecl SoIndexedLineSet::getBoundingBox(class SoGetBoundingBoxAction *)" (?getBoundingBox@SoIndexedLineSet@@UEAAXPEAVSoGetBoundingBoxAction@@@Z)
Painter.obj : error LNK2001: unresolved external symbol "public: virtual void __cdecl SoIndexedLineSet::getPrimitiveCount(class SoGetPrimitiveCountAction *)" (?getPrimitiveCount@SoIndexedLineSet@@UEAAXPEAVSoGetPrimitiveCountAction@@@Z)
Painter.obj : error LNK2001: unresolved external symbol "private: virtual void __cdecl SoIndexedLineSet::generatePrimitives(class SoAction *)" (?generatePrimitives@SoIndexedLineSet@@EEAAXPEAVSoAction@@@Z)
Painter.obj : error LNK2001: unresolved external symbol "private: virtual int __cdecl SoIndexedLineSet::generateDefaultNormals(class SoState *,class SoNormalCache *)" (?generateDefaultNormals@SoIndexedLineSet@@EEAAHPEAVSoState@@PEAVSoNormalCache@@@Z)
Painter.obj : error LNK2001: unresolved external symbol "private: virtual int __cdecl SoIndexedLineSet::generateDefaultNormals(class SoState *,class SoNormalBundle *)" (?generateDefaultNormals@SoIndexedLineSet@@EEAAHPEAVSoState@@PEAVSoNormalBundle@@@Z)
Painter.obj : error LNK2001: unresolved external symbol "public: virtual class SoType __cdecl SoTransform::getTypeId(void)const " (?getTypeId@SoTransform@@UEBA?AVSoType@@XZ)
Painter.obj : error LNK2001: unresolved external symbol "protected: virtual class SoFieldData const * __cdecl SoTransform::getFieldData(void)const " (?getFieldData@SoTransform@@MEBAPEBVSoFieldData@@XZ)
Painter.obj : error LNK2001: unresolved external symbol "public: virtual void __cdecl SoTransform::doAction(class SoAction *)" (?doAction@SoTransform@@UEAAXPEAVSoAction@@@Z)
Painter.obj : error LNK2001: unresolved external symbol "public: virtual void __cdecl SoTransform::GLRender(class SoGLRenderAction *)" (?GLRender@SoTransform@@UEAAXPEAVSoGLRenderAction@@@Z)
Painter.obj : error LNK2001: unresolved external symbol "public: virtual void __cdecl SoTransform::callback(class SoCallbackAction *)" (?callback@SoTransform@@UEAAXPEAVSoCallbackAction@@@Z)
Painter.obj : error LNK2001: unresolved external symbol "public: virtual void __cdecl SoTransform::getBoundingBox(class SoGetBoundingBoxAction *)" (?getBoundingBox@SoTransform@@UEAAXPEAVSoGetBoundingBoxAction@@@Z)
Painter.obj : error LNK2001: unresolved external symbol "public: virtual void __cdecl SoTransform::getMatrix(class SoGetMatrixAction *)" (?getMatrix@SoTransform@@UEAAXPEAVSoGetMatrixAction@@@Z)
Painter.obj : error LNK2001: unresolved external symbol "public: virtual void __cdecl SoTransform::pick(class SoPickAction *)" (?pick@SoTransform@@UEAAXPEAVSoPickAction@@@Z)
Painter.obj : error LNK2001: unresolved external symbol "public: virtual void __cdecl SoTransform::getPrimitiveCount(class SoGetPrimitiveCountAction *)" (?getPrimitiveCount@SoTransform@@UEAAXPEAVSoGetPrimitiveCountAction@@@Z)
Painter.obj : error LNK2001: unresolved external symbol "public: virtual int __cdecl SoShape::affectsState(void)const " (?affectsState@SoShape@@UEBAHXZ)
Painter.obj : error LNK2001: unresolved external symbol "public: virtual void __cdecl SoShape::notify(class SoNotList *)" (?notify@SoShape@@UEAAXPEAVSoNotList@@@Z)
Painter.obj : error LNK2001: unresolved external symbol "public: virtual void __cdecl SoShape::getBoundingBox(class SoGetBoundingBoxAction *)" (?getBoundingBox@SoShape@@UEAAXPEAVSoGetBoundingBoxAction@@@Z)
Painter.obj : error LNK2001: unresolved external symbol "public: virtual void __cdecl SoShape::rayPick(class SoRayPickAction *)" (?rayPick@SoShape@@UEAAXPEAVSoRayPickAction@@@Z)
Painter.obj : error LNK2001: unresolved external symbol "public: virtual void __cdecl SoShape::callback(class SoCallbackAction *)" (?callback@SoShape@@UEAAXPEAVSoCallbackAction@@@Z)
Painter.obj : error LNK2001: unresolved external symbol "protected: virtual int __cdecl SoShape::shouldGLRender(class SoGLRenderAction *)" (?shouldGLRender@SoShape@@MEAAHPEAVSoGLRenderAction@@@Z)
Painter.obj : error LNK2001: unresolved external symbol "protected: virtual class SoDetail * __cdecl SoShape::createTriangleDetail(class SoRayPickAction *,class SoPrimitiveVertex const *,class SoPrimitiveVertex const *,class SoPrimitiveVertex const *,class SoPickedPoint *)" (?createTriangleDetail@SoShape@@MEAAPEAVSoDetail@@PEAVSoRayPickAction@@PEBVSoPrimitiveVertex@@11PEAVSoPickedPoint@@@Z)
Painter.obj : error LNK2001: unresolved external symbol "protected: virtual class SoDetail * __cdecl SoShape::createLineSegmentDetail(class SoRayPickAction *,class SoPrimitiveVertex const *,class SoPrimitiveVertex const *,class SoPickedPoint *)" (?createLineSegmentDetail@SoShape@@MEAAPEAVSoDetail@@PEAVSoRayPickAction@@PEBVSoPrimitiveVertex@@1PEAVSoPickedPoint@@@Z)
Painter.obj : error LNK2001: unresolved external symbol "protected: virtual class SoDetail * __cdecl SoShape::createPointDetail(class SoRayPickAction *,class SoPrimitiveVertex const *,class SoPickedPoint *)" (?createPointDetail@SoShape@@MEAAPEAVSoDetail@@PEAVSoRayPickAction@@PEBVSoPrimitiveVertex@@PEAVSoPickedPoint@@@Z)
Painter.obj : error LNK2001: unresolved external symbol "public: virtual void __cdecl SoVertexShape::notify(class SoNotList *)" (?notify@SoVertexShape@@UEAAXPEAVSoNotList@@@Z)
Painter.obj : error LNK2001: unresolved external symbol "public: virtual void __cdecl SoVertexShape::write(class SoWriteAction *)" (?write@SoVertexShape@@UEAAXPEAVSoWriteAction@@@Z)
Painter.obj : error LNK2001: unresolved external symbol "protected: virtual int __cdecl SoVertexShape::shouldGLRender(class SoGLRenderAction *)" (?shouldGLRender@SoVertexShape@@MEAAHPEAVSoGLRenderAction@@@Z)
C:\Users\Altair\Desktop\589HW1\SourceCodes\DGP_HW1\DGP_HW1\Coin3D\Coin3D\lib\coin2d.lib : warning LNK4272: library machine type 'x86' conflicts with target machine type 'x64'
C:\Users\Altair\Desktop\589HW1\SourceCodes\DGP_HW1\DGP_HW1\Coin3D\Coin3D\lib\sowin1d.lib : warning LNK4272: library machine type 'x86' conflicts with target machine type 'x64'
C:\Users\Altair\Desktop\589HW1\SourceCodes\DGP_HW1\x64\Debug\DGP_HW1.exe : fatal error LNK1120: 250 unresolved externals
