c:\users\altair\source\repos\dgp_hw1\dgp_hw1\x64\debug\vc143.pdb
c:\users\altair\source\repos\dgp_hw1\dgp_hw1\x64\debug\vc143.idb
c:\users\altair\source\repos\dgp_hw1\dgp_hw1\x64\debug\painter.obj
c:\users\altair\source\repos\dgp_hw1\dgp_hw1\x64\debug\mesh.obj
c:\users\altair\source\repos\dgp_hw1\dgp_hw1\x64\debug\main.obj
c:\users\altair\desktop\589hw1\sourcecodes\dgp_hw1\dgp_hw1\x64\debug\vc143.pdb
c:\users\altair\desktop\589hw1\sourcecodes\dgp_hw1\dgp_hw1\x64\debug\vc143.idb
c:\users\altair\desktop\589hw1\sourcecodes\dgp_hw1\dgp_hw1\x64\debug\painter.obj
c:\users\altair\desktop\589hw1\sourcecodes\dgp_hw1\dgp_hw1\x64\debug\mesh.obj
c:\users\altair\desktop\589hw1\sourcecodes\dgp_hw1\dgp_hw1\x64\debug\main.obj
c:\users\altair\desktop\589hw1\sourcecodes\dgp_hw1\dgp_hw1\x64\debug\geodesics.obj
c:\users\altair\desktop\589hw1\sourcecodes\dgp_hw1\dgp_hw1\x64\debug\descriptors.obj
c:\users\altair\desktop\589hw1\sourcecodes\dgp_hw1\x64\debug\dgp_hw1.pdb
c:\users\altair\desktop\589hw1\sourcecodes\dgp_hw1\dgp_hw1\x64\debug\dgp_hw1.tlog\cl.command.1.tlog
c:\users\altair\desktop\589hw1\sourcecodes\dgp_hw1\dgp_hw1\x64\debug\dgp_hw1.tlog\cl.read.1.tlog
c:\users\altair\desktop\589hw1\sourcecodes\dgp_hw1\dgp_hw1\x64\debug\dgp_hw1.tlog\cl.write.1.tlog
c:\users\altair\desktop\589hw1\sourcecodes\dgp_hw1\dgp_hw1\x64\debug\dgp_hw1.tlog\link-cvtres.read.1.tlog
c:\users\altair\desktop\589hw1\sourcecodes\dgp_hw1\dgp_hw1\x64\debug\dgp_hw1.tlog\link-cvtres.write.1.tlog
c:\users\altair\desktop\589hw1\sourcecodes\dgp_hw1\dgp_hw1\x64\debug\dgp_hw1.tlog\link-rc.read.1.tlog
c:\users\altair\desktop\589hw1\sourcecodes\dgp_hw1\dgp_hw1\x64\debug\dgp_hw1.tlog\link-rc.write.1.tlog
c:\users\altair\desktop\589hw1\sourcecodes\dgp_hw1\dgp_hw1\x64\debug\dgp_hw1.tlog\link.command.1.tlog
c:\users\altair\desktop\589hw1\sourcecodes\dgp_hw1\dgp_hw1\x64\debug\dgp_hw1.tlog\link.read.1.tlog
c:\users\altair\desktop\589hw1\sourcecodes\dgp_hw1\dgp_hw1\x64\debug\dgp_hw1.tlog\link.read.2.tlog
c:\users\altair\desktop\589hw1\sourcecodes\dgp_hw1\dgp_hw1\x64\debug\dgp_hw1.tlog\link.write.1.tlog
